#
# There is insufficient memory for the Java Runtime Environment to continue.
# Native memory allocation (malloc) failed to allocate 370896 bytes for Chunk::new
# Possible reasons:
#   The system is out of physical RAM or swap space
#   In 32 bit mode, the process size limit was hit
# Possible solutions:
#   Reduce memory load on the system
#   Increase physical memory or swap space
#   Check if swap backing store is full
#   Use 64 bit Java on a 64 bit OS
#   Decrease Java heap size (-Xmx/-Xms)
#   Decrease number of Java threads
#   Decrease Java thread stack sizes (-Xss)
#   Set larger code cache with -XX:ReservedCodeCacheSize=
# This output file may be truncated or incomplete.
#
#  Out of Memory Error (allocation.cpp:390), pid=26024, tid=0x0000000000004414
#
# JRE version: Java(TM) SE Runtime Environment (8.0_162-b12) (build 1.8.0_162-b12)
# Java VM: Java HotSpot(TM) 64-Bit Server VM (25.162-b12 mixed mode windows-amd64 compressed oops)
# Failed to write core dump. Minidumps are not enabled by default on client versions of Windows
#

---------------  T H R E A D  ---------------

Current thread (0x00000000162b5000):  JavaThread "C2 CompilerThread0" daemon [_thread_in_native, id=17428, stack(0x0000000017900000,0x0000000017a00000)]

Stack: [0x0000000017900000,0x0000000017a00000]
[error occurred during error reporting (printing stack bounds), id 0xc0000005]

Native frames: (J=compiled Java code, j=interpreted, Vv=VM code, C=native code)


Current CompileTask:
C2:   6638 1294       4       java.net.URLClassLoader$1::run (5 bytes)


---------------  P R O C E S S  ---------------

Java Threads: ( => current thread )
  0x0000000019094000 JavaThread "Cache worker for journal cache (C:\Users\fazil\.gradle\caches\journal-1)" [_thread_blocked, id=32348, stack(0x000000001ac50000,0x000000001ad50000)]
  0x0000000019097000 JavaThread "File lock request listener" [_thread_in_native, id=20624, stack(0x000000001ab50000,0x000000001ac50000)]
  0x0000000019095800 JavaThread "Cache worker for file hash cache (C:\Users\fazil\.gradle\caches\5.4.1\fileHashes)" [_thread_blocked, id=25556, stack(0x000000001aa50000,0x000000001ab50000)]
  0x000000001909e800 JavaThread "Thread-9" [_thread_blocked, id=10784, stack(0x000000001a950000,0x000000001aa50000)]
  0x000000001909d800 JavaThread "Stdin handler" [_thread_blocked, id=28068, stack(0x000000001a650000,0x000000001a750000)]
  0x00000000190cd800 JavaThread "Asynchronous log dispatcher for DefaultDaemonConnection: socket connection from /127.0.0.1:50586 to /127.0.0.1:50587" [_thread_in_vm, id=24292, stack(0x000000001a550000,0x000000001a650000)]
  0x00000000190bf800 JavaThread "Daemon worker" [_thread_blocked, id=25820, stack(0x000000001a450000,0x000000001a550000)]
  0x00000000190be800 JavaThread "Cancel handler" [_thread_blocked, id=7560, stack(0x000000001a250000,0x000000001a350000)]
  0x00000000190bb800 JavaThread "Handler for socket connection from /127.0.0.1:50586 to /127.0.0.1:50587" [_thread_in_native, id=27212, stack(0x000000001a150000,0x000000001a250000)]
  0x0000000019084800 JavaThread "Daemon" [_thread_blocked, id=31364, stack(0x000000001a050000,0x000000001a150000)]
  0x0000000019080800 JavaThread "Daemon periodic checks" [_thread_blocked, id=4804, stack(0x0000000019f50000,0x000000001a050000)]
  0x0000000019068800 JavaThread "Incoming local TCP Connector on port 50586" [_thread_in_native, id=14768, stack(0x0000000019d10000,0x0000000019e10000)]
  0x0000000018cf6000 JavaThread "Daemon health stats" [_thread_blocked, id=2316, stack(0x00000000196d0000,0x00000000197d0000)]
  0x0000000016346800 JavaThread "Service Thread" daemon [_thread_blocked, id=17748, stack(0x0000000017d00000,0x0000000017e00000)]
  0x00000000162c2800 JavaThread "C1 CompilerThread3" daemon [_thread_blocked, id=1824, stack(0x0000000017c00000,0x0000000017d00000)]
  0x00000000162c2000 JavaThread "C2 CompilerThread2" daemon [_thread_in_native, id=29296, stack(0x0000000017b00000,0x0000000017c00000)]
  0x00000000162bd000 JavaThread "C2 CompilerThread1" daemon [_thread_blocked, id=1696, stack(0x0000000017a00000,0x0000000017b00000)]
=>0x00000000162b5000 JavaThread "C2 CompilerThread0" daemon [_thread_in_native, id=17428, stack(0x0000000017900000,0x0000000017a00000)]
  0x00000000162b3000 JavaThread "Attach Listener" daemon [_thread_blocked, id=1632, stack(0x0000000017800000,0x0000000017900000)]
  0x0000000014bb7000 JavaThread "Signal Dispatcher" daemon [_thread_blocked, id=24696, stack(0x0000000017700000,0x0000000017800000)]
  0x00000000162a3000 JavaThread "Finalizer" daemon [_thread_blocked, id=8092, stack(0x0000000017500000,0x0000000017600000)]
  0x0000000014bad000 JavaThread "Reference Handler" daemon [_thread_blocked, id=26680, stack(0x0000000017400000,0x0000000017500000)]
  0x00000000030f3800 JavaThread "main" [_thread_blocked, id=11092, stack(0x0000000002f70000,0x0000000003070000)]

Other Threads:
  0x0000000014ba6800 VMThread [stack: 0x0000000017300000,0x0000000017400000] [id=31748]
  0x00000000162f3800 WatcherThread [stack: 0x0000000017e00000,0x0000000017f00000] [id=26288]

VM state:not at safepoint (normal execution)

VM Mutex/Monitor currently owned by a thread:  ([mutex/lock_event])
[0x00000000030f06d0] AdapterHandlerLibrary_lock - owner thread: 0x00000000190cd800

Heap:
 PSYoungGen      total 76288K, used 12027K [0x00000000f5580000, 0x00000000faa80000, 0x0000000100000000)
  eden space 65536K, 2% used [0x00000000f5580000,0x00000000f5709c38,0x00000000f9580000)
  from space 10752K, 97% used [0x00000000fa000000,0x00000000faa35200,0x00000000faa80000)
  to   space 10752K, 0% used [0x00000000f9580000,0x00000000f9580000,0x00000000fa000000)
 ParOldGen       total 175104K, used 16K [0x00000000e0000000, 0x00000000eab00000, 0x00000000f5580000)
  object space 175104K, 0% used [0x00000000e0000000,0x00000000e0004000,0x00000000eab00000)
 Metaspace       used 15366K, capacity 15704K, committed 16000K, reserved 1062912K
  class space    used 2249K, capacity 2394K, committed 2432K, reserved 1048576K

Card table byte_map: [0x00000000125b0000,0x00000000126c0000] byte_map_base: 0x0000000011eb0000

Marking Bits: (ParMarkBitMap*) 0x0000000062c10860
 Begin Bits: [0x00000000130c0000, 0x00000000138c0000)
 End Bits:   [0x00000000138c0000, 0x00000000140c0000)

Polling page: 0x0000000001660000

CodeCache: size=245760Kb used=4914Kb max_used=4921Kb free=240845Kb
 bounds [0x00000000031f0000, 0x00000000036d0000, 0x00000000121f0000]
 total_blobs=1795 nmethods=1409 adapters=298
 compilation: enabled

Compilation events (10 events):
Event: 6.572 Thread 0x00000000162c2800 1406       3       sun.reflect.ReflectionFactory::inflationThreshold (4 bytes)
Event: 6.572 Thread 0x00000000162c2800 nmethod 1406 0x00000000036bb110 code [0x00000000036bb260, 0x00000000036bb390]
Event: 6.578 Thread 0x00000000162c2800 1407       3       java.util.concurrent.locks.AbstractQueuedSynchronizer::<init> (5 bytes)
Event: 6.578 Thread 0x00000000162c2800 nmethod 1407 0x00000000036bb410 code [0x00000000036bb580, 0x00000000036bb790]
Event: 6.578 Thread 0x00000000162c2800 1408       3       java.util.concurrent.locks.AbstractOwnableSynchronizer::<init> (5 bytes)
Event: 6.579 Thread 0x00000000162c2800 nmethod 1408 0x00000000036bb850 code [0x00000000036bb9a0, 0x00000000036bbb50]
Event: 6.609 Thread 0x00000000162bd000 1409       4       java.lang.ref.ReferenceQueue::reallyPoll (66 bytes)
Event: 6.610 Thread 0x00000000162bd000 nmethod 1409 0x00000000036be950 code [0x00000000036bea80, 0x00000000036bebb8]
Event: 6.610 Thread 0x00000000162bd000 1410   !   4       java.lang.ref.Reference::tryHandlePending (115 bytes)
Event: 6.616 Thread 0x00000000162bd000 nmethod 1410 0x00000000036bc550 code [0x00000000036bc700, 0x00000000036bd048]

GC Heap History (4 events):
Event: 2.042 GC heap before
{Heap before GC invocations=1 (full 0):
 PSYoungGen      total 76288K, used 65536K [0x00000000f5580000, 0x00000000faa80000, 0x0000000100000000)
  eden space 65536K, 100% used [0x00000000f5580000,0x00000000f9580000,0x00000000f9580000)
  from space 10752K, 0% used [0x00000000fa000000,0x00000000fa000000,0x00000000faa80000)
  to   space 10752K, 0% used [0x00000000f9580000,0x00000000f9580000,0x00000000fa000000)
 ParOldGen       total 175104K, used 0K [0x00000000e0000000, 0x00000000eab00000, 0x00000000f5580000)
  object space 175104K, 0% used [0x00000000e0000000,0x00000000e0000000,0x00000000eab00000)
 Metaspace       used 8525K, capacity 8762K, committed 8960K, reserved 1056768K
  class space    used 1128K, capacity 1205K, committed 1280K, reserved 1048576K
Event: 2.057 GC heap after
Heap after GC invocations=1 (full 0):
 PSYoungGen      total 76288K, used 6798K [0x00000000f5580000, 0x00000000faa80000, 0x0000000100000000)
  eden space 65536K, 0% used [0x00000000f5580000,0x00000000f5580000,0x00000000f9580000)
  from space 10752K, 63% used [0x00000000f9580000,0x00000000f9c23978,0x00000000fa000000)
  to   space 10752K, 0% used [0x00000000fa000000,0x00000000fa000000,0x00000000faa80000)
 ParOldGen       total 175104K, used 8K [0x00000000e0000000, 0x00000000eab00000, 0x00000000f5580000)
  object space 175104K, 0% used [0x00000000e0000000,0x00000000e0002000,0x00000000eab00000)
 Metaspace       used 8525K, capacity 8762K, committed 8960K, reserved 1056768K
  class space    used 1128K, capacity 1205K, committed 1280K, reserved 1048576K
}
Event: 6.594 GC heap before
{Heap before GC invocations=2 (full 0):
 PSYoungGen      total 76288K, used 72334K [0x00000000f5580000, 0x00000000faa80000, 0x0000000100000000)
  eden space 65536K, 100% used [0x00000000f5580000,0x00000000f9580000,0x00000000f9580000)
  from space 10752K, 63% used [0x00000000f9580000,0x00000000f9c23978,0x00000000fa000000)
  to   space 10752K, 0% used [0x00000000fa000000,0x00000000fa000000,0x00000000faa80000)
 ParOldGen       total 175104K, used 8K [0x00000000e0000000, 0x00000000eab00000, 0x00000000f5580000)
  object space 175104K, 0% used [0x00000000e0000000,0x00000000e0002000,0x00000000eab00000)
 Metaspace       used 15214K, capacity 15608K, committed 16000K, reserved 1062912K
  class space    used 2227K, capacity 2362K, committed 2432K, reserved 1048576K
Event: 6.607 GC heap after
Heap after GC invocations=2 (full 0):
 PSYoungGen      total 76288K, used 10452K [0x00000000f5580000, 0x00000000faa80000, 0x0000000100000000)
  eden space 65536K, 0% used [0x00000000f5580000,0x00000000f5580000,0x00000000f9580000)
  from space 10752K, 97% used [0x00000000fa000000,0x00000000faa35200,0x00000000faa80000)
  to   space 10752K, 0% used [0x00000000f9580000,0x00000000f9580000,0x00000000fa000000)
 ParOldGen       total 175104K, used 16K [0x00000000e0000000, 0x00000000eab00000, 0x00000000f5580000)
  object space 175104K, 0% used [0x00000000e0000000,0x00000000e0004000,0x00000000eab00000)
 Metaspace       used 15214K, capacity 15608K, committed 16000K, reserved 1062912K
  class space    used 2227K, capacity 2362K, committed 2432K, reserved 1048576K
}

Deoptimization events (10 events):
Event: 3.510 Thread 0x00000000190bf800 Uncommon trap: reason=bimorphic action=maybe_recompile pc=0x00000000034799b8 method=java.util.HashMap.putVal(ILjava/lang/Object;Ljava/lang/Object;ZZ)Ljava/lang/Object; @ 253
Event: 3.510 Thread 0x00000000190bf800 Uncommon trap: reason=bimorphic action=maybe_recompile pc=0x00000000034799b8 method=java.util.HashMap.putVal(ILjava/lang/Object;Ljava/lang/Object;ZZ)Ljava/lang/Object; @ 253
Event: 3.511 Thread 0x00000000190bf800 Uncommon trap: reason=class_check action=maybe_recompile pc=0x000000000347a360 method=java.util.HashMap.putVal(ILjava/lang/Object;Ljava/lang/Object;ZZ)Ljava/lang/Object; @ 203
Event: 3.511 Thread 0x00000000190bf800 Uncommon trap: reason=class_check action=maybe_recompile pc=0x000000000347a360 method=java.util.HashMap.putVal(ILjava/lang/Object;Ljava/lang/Object;ZZ)Ljava/lang/Object; @ 203
Event: 3.511 Thread 0x00000000190bf800 Uncommon trap: reason=bimorphic action=maybe_recompile pc=0x00000000034799b8 method=java.util.HashMap.putVal(ILjava/lang/Object;Ljava/lang/Object;ZZ)Ljava/lang/Object; @ 253
Event: 3.511 Thread 0x00000000190bf800 Uncommon trap: reason=bimorphic action=maybe_recompile pc=0x00000000034799b8 method=java.util.HashMap.putVal(ILjava/lang/Object;Ljava/lang/Object;ZZ)Ljava/lang/Object; @ 253
Event: 3.801 Thread 0x00000000190bf800 Uncommon trap: reason=class_check action=maybe_recompile pc=0x00000000034bd2d8 method=java.util.regex.Matcher.match(II)Z @ 86
Event: 3.825 Thread 0x00000000190bf800 Uncommon trap: reason=class_check action=maybe_recompile pc=0x00000000034bd2d8 method=java.util.regex.Matcher.match(II)Z @ 86
Event: 3.826 Thread 0x00000000190bf800 Uncommon trap: reason=class_check action=maybe_recompile pc=0x00000000034bd2d8 method=java.util.regex.Matcher.match(II)Z @ 86
Event: 3.826 Thread 0x00000000190bf800 Uncommon trap: reason=class_check action=maybe_recompile pc=0x000000000348231c method=java.util.regex.Matcher.match(II)Z @ 86

Classes redefined (0 events):
No events

Internal exceptions (10 events):
Event: 0.823 Thread 0x00000000030f3800 Exception <a 'java/lang/ArrayIndexOutOfBoundsException'> (0x00000000f66c02d0) thrown at [C:\re\workspace\8-2-build-windows-amd64-cygwin\jdk8u162\10278\hotspot\src\share\vm\runtime\sharedRuntime.cpp, line 605]
Event: 0.825 Thread 0x00000000030f3800 Exception <a 'java/lang/ArrayIndexOutOfBoundsException'> (0x00000000f66d4060) thrown at [C:\re\workspace\8-2-build-windows-amd64-cygwin\jdk8u162\10278\hotspot\src\share\vm\runtime\sharedRuntime.cpp, line 605]
Event: 0.825 Thread 0x00000000030f3800 Exception <a 'java/lang/ArrayIndexOutOfBoundsException'> (0x00000000f66d6ea8) thrown at [C:\re\workspace\8-2-build-windows-amd64-cygwin\jdk8u162\10278\hotspot\src\share\vm\runtime\sharedRuntime.cpp, line 605]
Event: 0.826 Thread 0x00000000030f3800 Exception <a 'java/lang/ArrayIndexOutOfBoundsException'> (0x00000000f66e0b88) thrown at [C:\re\workspace\8-2-build-windows-amd64-cygwin\jdk8u162\10278\hotspot\src\share\vm\runtime\sharedRuntime.cpp, line 605]
Event: 0.826 Thread 0x00000000030f3800 Exception <a 'java/lang/ArrayIndexOutOfBoundsException'> (0x00000000f66e2d88) thrown at [C:\re\workspace\8-2-build-windows-amd64-cygwin\jdk8u162\10278\hotspot\src\share\vm\runtime\sharedRuntime.cpp, line 605]
Event: 0.827 Thread 0x00000000030f3800 Exception <a 'java/lang/ArrayIndexOutOfBoundsException'> (0x00000000f66f0ce8) thrown at [C:\re\workspace\8-2-build-windows-amd64-cygwin\jdk8u162\10278\hotspot\src\share\vm\runtime\sharedRuntime.cpp, line 605]
Event: 0.827 Thread 0x00000000030f3800 Exception <a 'java/lang/ArrayIndexOutOfBoundsException'> (0x00000000f66fd320) thrown at [C:\re\workspace\8-2-build-windows-amd64-cygwin\jdk8u162\10278\hotspot\src\share\vm\runtime\sharedRuntime.cpp, line 605]
Event: 2.127 Thread 0x00000000030f3800 Exception <a 'java/lang/NoSuchFieldError': method resolution failed> (0x00000000f58ba2c0) thrown at [C:\re\workspace\8-2-build-windows-amd64-cygwin\jdk8u162\10278\hotspot\src\share\vm\prims\methodHandles.cpp, line 1167]
Event: 2.129 Thread 0x00000000030f3800 Exception <a 'java/lang/NoSuchFieldError': method resolution failed> (0x00000000f58c7f50) thrown at [C:\re\workspace\8-2-build-windows-amd64-cygwin\jdk8u162\10278\hotspot\src\share\vm\prims\methodHandles.cpp, line 1167]
Event: 3.386 Thread 0x00000000030f3800 Exception <a 'java/io/IOException'> (0x00000000f6098550) thrown at [C:\re\workspace\8-2-build-windows-amd64-cygwin\jdk8u162\10278\hotspot\src\share\vm\prims\jni.cpp, line 709]

Events (10 events):
Event: 6.631 loading class org/gradle/internal/reflect/MutablePropertyDetails
Event: 6.631 loading class org/gradle/internal/reflect/MutablePropertyDetails done
Event: 6.631 loading class org/gradle/internal/instantiation/AbstractClassGenerator$ClassMetadata
Event: 6.631 loading class org/gradle/internal/instantiation/AbstractClassGenerator$ClassMetadata done
Event: 6.632 loading class java/util/TreeMap$ValueIterator
Event: 6.633 loading class java/util/TreeMap$ValueIterator done
Event: 6.633 loading class org/gradle/internal/instantiation/AbstractClassGenerator$PropertyMetadata
Event: 6.633 loading class org/gradle/internal/instantiation/AbstractClassGenerator$PropertyMetadata done
Event: 6.633 loading class org/gradle/internal/reflect/JavaPropertyReflectionUtil
Event: 6.633 loading class org/gradle/internal/reflect/JavaPropertyReflectionUtil done


Dynamic libraries:
0x00007ff658a30000 - 0x00007ff658a67000 	C:\Program Files\Java\jdk1.8.0_162\bin\java.exe
0x00007fff6e7a0000 - 0x00007fff6e990000 	C:\WINDOWS\SYSTEM32\ntdll.dll
0x00007fff6e190000 - 0x00007fff6e242000 	C:\WINDOWS\System32\KERNEL32.DLL
0x00007fff6bae0000 - 0x00007fff6bd84000 	C:\WINDOWS\System32\KERNELBASE.dll
0x00007fff6d6f0000 - 0x00007fff6d793000 	C:\WINDOWS\System32\ADVAPI32.dll
0x00007fff6d0f0000 - 0x00007fff6d18e000 	C:\WINDOWS\System32\msvcrt.dll
0x00007fff6e250000 - 0x00007fff6e2e7000 	C:\WINDOWS\System32\sechost.dll
0x00007fff6cfc0000 - 0x00007fff6d0e0000 	C:\WINDOWS\System32\RPCRT4.dll
0x00007fff6d3f0000 - 0x00007fff6d584000 	C:\WINDOWS\System32\USER32.dll
0x00007fff6b810000 - 0x00007fff6b831000 	C:\WINDOWS\System32\win32u.dll
0x00007fff6dca0000 - 0x00007fff6dcc6000 	C:\WINDOWS\System32\GDI32.dll
0x00007fff6b840000 - 0x00007fff6b9d5000 	C:\WINDOWS\System32\gdi32full.dll
0x00007fff6c760000 - 0x00007fff6c7fe000 	C:\WINDOWS\System32\msvcp_win.dll
0x00007fff6b9e0000 - 0x00007fff6bada000 	C:\WINDOWS\System32\ucrtbase.dll
0x00007fff4eb10000 - 0x00007fff4ed94000 	C:\WINDOWS\WinSxS\amd64_microsoft.windows.common-controls_6595b64144ccf1df_6.0.18362.900_none_e6beb9d913147d17\COMCTL32.dll
0x00007fff6d960000 - 0x00007fff6dc95000 	C:\WINDOWS\System32\combase.dll
0x00007fff6b790000 - 0x00007fff6b810000 	C:\WINDOWS\System32\bcryptPrimitives.dll
0x00007fff6d2d0000 - 0x00007fff6d2fe000 	C:\WINDOWS\System32\IMM32.DLL
0x0000000062c90000 - 0x0000000062d61000 	C:\Program Files\Java\jdk1.8.0_162\jre\bin\msvcr100.dll
0x00000000623f0000 - 0x0000000062c90000 	C:\Program Files\Java\jdk1.8.0_162\jre\bin\server\jvm.dll
0x00007fff6d320000 - 0x00007fff6d328000 	C:\WINDOWS\System32\PSAPI.DLL
0x00007fff540f0000 - 0x00007fff540f9000 	C:\WINDOWS\SYSTEM32\WSOCK32.dll
0x00007fff605b0000 - 0x00007fff605d4000 	C:\WINDOWS\SYSTEM32\WINMM.dll
0x00007fff636b0000 - 0x00007fff636ba000 	C:\WINDOWS\SYSTEM32\VERSION.dll
0x00007fff6e000000 - 0x00007fff6e06f000 	C:\WINDOWS\System32\WS2_32.dll
0x00007fff60580000 - 0x00007fff605ad000 	C:\WINDOWS\SYSTEM32\winmmbase.dll
0x00007fff6c800000 - 0x00007fff6c84a000 	C:\WINDOWS\System32\cfgmgr32.dll
0x00000000649c0000 - 0x00000000649cf000 	C:\Program Files\Java\jdk1.8.0_162\jre\bin\verify.dll
0x0000000064990000 - 0x00000000649b9000 	C:\Program Files\Java\jdk1.8.0_162\jre\bin\java.dll
0x00000000623d0000 - 0x00000000623e6000 	C:\Program Files\Java\jdk1.8.0_162\jre\bin\zip.dll
0x00007fff6c8d0000 - 0x00007fff6cfb6000 	C:\WINDOWS\System32\SHELL32.dll
0x00007fff6e0e0000 - 0x00007fff6e189000 	C:\WINDOWS\System32\shcore.dll
0x00007fff6be40000 - 0x00007fff6c5c0000 	C:\WINDOWS\System32\windows.storage.dll
0x00007fff6b700000 - 0x00007fff6b723000 	C:\WINDOWS\System32\profapi.dll
0x00007fff6b6b0000 - 0x00007fff6b6fa000 	C:\WINDOWS\System32\powrprof.dll
0x00007fff6b660000 - 0x00007fff6b670000 	C:\WINDOWS\System32\UMPDC.dll
0x00007fff6dd50000 - 0x00007fff6dda2000 	C:\WINDOWS\System32\shlwapi.dll
0x00007fff6b670000 - 0x00007fff6b681000 	C:\WINDOWS\System32\kernel.appcore.dll
0x00007fff6c5c0000 - 0x00007fff6c5d7000 	C:\WINDOWS\System32\cryptsp.dll
0x00000000623b0000 - 0x00000000623ca000 	C:\Program Files\Java\jdk1.8.0_162\jre\bin\net.dll
0x00007fff6aed0000 - 0x00007fff6af37000 	C:\WINDOWS\system32\mswsock.dll
0x0000000062390000 - 0x00000000623a1000 	C:\Program Files\Java\jdk1.8.0_162\jre\bin\nio.dll
0x00007fff4e4f0000 - 0x00007fff4e516000 	C:\Users\fazil\.gradle\native\29\windows-amd64\native-platform.dll
0x0000000064980000 - 0x000000006498d000 	C:\Program Files\Java\jdk1.8.0_162\jre\bin\management.dll
0x00007fff6aa40000 - 0x00007fff6aa73000 	C:\WINDOWS\system32\rsaenh.dll
0x00007fff6c5e0000 - 0x00007fff6c606000 	C:\WINDOWS\System32\bcrypt.dll
0x00007fff6b580000 - 0x00007fff6b5a5000 	C:\WINDOWS\SYSTEM32\USERENV.dll
0x00007fff6b0a0000 - 0x00007fff6b0ac000 	C:\WINDOWS\SYSTEM32\CRYPTBASE.dll
0x00007fff6abe0000 - 0x00007fff6ac1a000 	C:\WINDOWS\SYSTEM32\IPHLPAPI.DLL
0x00007fff6d0e0000 - 0x00007fff6d0e8000 	C:\WINDOWS\System32\NSI.dll
0x00007fff64960000 - 0x00007fff64976000 	C:\WINDOWS\SYSTEM32\dhcpcsvc6.DLL
0x00007fff64d50000 - 0x00007fff64d6c000 	C:\WINDOWS\SYSTEM32\dhcpcsvc.DLL
0x00007fff6ac20000 - 0x00007fff6aceb000 	C:\WINDOWS\SYSTEM32\DNSAPI.dll

VM Arguments:
jvm_args: -XX:MaxMetaspaceSize=256m -XX:+HeapDumpOnOutOfMemoryError -Xms256m -Xmx512m -Dfile.encoding=windows-1252 -Duser.country=US -Duser.language=en -Duser.variant 
java_command: org.gradle.launcher.daemon.bootstrap.GradleDaemon 5.4.1
java_class_path (initial): C:\Users\fazil\.gradle\wrapper\dists\gradle-5.4.1-all\3221gyojl5jsh0helicew7rwx\gradle-5.4.1\lib\gradle-launcher-5.4.1.jar
Launcher Type: SUN_STANDARD

Environment Variables:
CLASSPATH=C:\Users\fazil\OneDrive\Desktop\Projects\Findr\app\android\\gradle\wrapper\gradle-wrapper.jar
USERNAME=fazil
SHELL=C:\Program Files\Git\usr\bin\bash.exe
DISPLAY=needs-to-be-defined
OS=Windows_NT
PROCESSOR_IDENTIFIER=Intel64 Family 6 Model 158 Stepping 10, GenuineIntel



---------------  S Y S T E M  ---------------

OS: Windows 10.0 , 64 bit Build 18362 (10.0.18362.900)

CPU:total 12 (initial active 12) (6 cores per cpu, 2 threads per core) family 6 model 158 stepping 10, cmov, cx8, fxsr, mmx, sse, sse2, sse3, ssse3, sse4.1, sse4.2, popcnt, avx, avx2, aes, clmul, erms, 3dnowpref, lzcnt, ht, tsc, tscinvbit, bmi1, bmi2, adx

Memory: 4k page, physical 16566556k(1039348k free), swap 30289940k(48216k free)

vm_info: Java HotSpot(TM) 64-Bit Server VM (25.162-b12) for windows-amd64 JRE (1.8.0_162-b12), built on Dec 19 2017 20:00:03 by "java_re" with MS VC++ 10.0 (VS2010)

time: Fri Jun 19 21:50:44 2020
elapsed time: 6 seconds (0d 0h 0m 6s)

