#
# There is insufficient memory for the Java Runtime Environment to continue.
# Native memory allocation (malloc) failed to allocate 1048576 bytes for AllocateHeap
# Possible reasons:
#   The system is out of physical RAM or swap space
#   The process is running with CompressedOops enabled, and the Java Heap may be blocking the growth of the native heap
# Possible solutions:
#   Reduce memory load on the system
#   Increase physical memory or swap space
#   Check if swap backing store is full
#   Decrease Java heap size (-Xmx/-Xms)
#   Decrease number of Java threads
#   Decrease Java thread stack sizes (-Xss)
#   Set larger code cache with -XX:ReservedCodeCacheSize=
#   JVM is running with Zero Based Compressed Oops mode in which the Java heap is
#     placed in the first 32GB address space. The Java Heap base address is the
#     maximum limit for the native heap growth. Please use -XX:HeapBaseMinAddress
#     to set the Java Heap base and to place the Java Heap above 32GB virtual address.
# This output file may be truncated or incomplete.
#
#  Out of Memory Error (memory/allocation.inline.hpp:61), pid=12952, tid=0x0000000000002ad8
#
# JRE version:  (8.0_241-b07) (build )
# Java VM: Java HotSpot(TM) 64-Bit Server VM (25.241-b07 mixed mode windows-amd64 compressed oops)
# Failed to write core dump. Minidumps are not enabled by default on client versions of Windows
#

---------------  T H R E A D  ---------------

Current thread (0x00000000030a3800):  JavaThread "Unknown thread" [_thread_in_vm, id=10968, stack(0x0000000002fa0000,0x00000000030a0000)]

Stack: [0x0000000002fa0000,0x00000000030a0000]
[error occurred during error reporting (printing stack bounds), id 0xc0000005]

Native frames: (J=compiled Java code, j=interpreted, Vv=VM code, C=native code)


---------------  P R O C E S S  ---------------

Java Threads: ( => current thread )

Other Threads:

=>0x00000000030a3800 (exited) JavaThread "Unknown thread" [_thread_in_vm, id=10968, stack(0x0000000002fa0000,0x00000000030a0000)]

VM state:not at safepoint (normal execution)

VM Mutex/Monitor currently owned by a thread: None

heap address: 0x00000006c3200000, size: 4046 MB, Compressed Oops mode: Zero based, Oop shift amount: 3
Narrow klass base: 0x0000000000000000, Narrow klass shift: 3
Compressed class space size: 1073741824 Address: 0x00000007c0000000

Heap:
 PSYoungGen      total 75776K, used 1300K [0x000000076bb80000, 0x0000000771000000, 0x00000007c0000000)
  eden space 65024K, 2% used [0x000000076bb80000,0x000000076bcc51f8,0x000000076fb00000)
  from space 10752K, 0% used [0x0000000770580000,0x0000000770580000,0x0000000771000000)
  to   space 10752K, 0% used [0x000000076fb00000,0x000000076fb00000,0x0000000770580000)
 ParOldGen       total 173568K, used 0K [0x00000006c3200000, 0x00000006cdb80000, 0x000000076bb80000)
  object space 173568K, 0% used [0x00000006c3200000,0x00000006c3200000,0x00000006cdb80000)
 Metaspace       used 752K, capacity 4480K, committed 4480K, reserved 1056768K
  class space    used 76K, capacity 384K, committed 384K, reserved 1048576K

Card table byte_map: [0x0000000012560000,0x0000000012d50000] byte_map_base: 0x000000000ef47000

Marking Bits: (ParMarkBitMap*) 0x000000006359be30
 Begin Bits: [0x0000000013ca0000, 0x0000000017bd8000)
 End Bits:   [0x0000000017bd8000, 0x000000001bb10000)

Polling page: 0x0000000000dc0000

CodeCache: size=245760Kb used=328Kb max_used=328Kb free=245431Kb
 bounds [0x00000000031a0000, 0x0000000003410000, 0x00000000121a0000]
 total_blobs=58 nmethods=0 adapters=38
 compilation: enabled

Compilation events (0 events):
No events

GC Heap History (0 events):
No events

Deoptimization events (0 events):
No events

Classes redefined (0 events):
No events

Internal exceptions (0 events):
No events

Events (10 events):
Event: 0.025 loading class java/lang/Short
Event: 0.025 loading class java/lang/Short done
Event: 0.025 loading class java/lang/Integer
Event: 0.025 loading class java/lang/Integer done
Event: 0.025 loading class java/lang/Long
Event: 0.025 loading class java/lang/Long done
Event: 0.026 loading class java/lang/NullPointerException
Event: 0.026 loading class java/lang/NullPointerException done
Event: 0.026 loading class java/lang/ArithmeticException
Event: 0.026 loading class java/lang/ArithmeticException done


Dynamic libraries:
0x00007ff70b560000 - 0x00007ff70b597000 	C:\Program Files (x86)\Common Files\Oracle\Java\javapath\java.exe
0x00007fff6e7a0000 - 0x00007fff6e990000 	C:\WINDOWS\SYSTEM32\ntdll.dll
0x00007fff6e190000 - 0x00007fff6e242000 	C:\WINDOWS\System32\KERNEL32.DLL
0x00007fff6bae0000 - 0x00007fff6bd84000 	C:\WINDOWS\System32\KERNELBASE.dll
0x00007fff6d6f0000 - 0x00007fff6d793000 	C:\WINDOWS\System32\ADVAPI32.dll
0x00007fff6d0f0000 - 0x00007fff6d18e000 	C:\WINDOWS\System32\msvcrt.dll
0x00007fff6e250000 - 0x00007fff6e2e7000 	C:\WINDOWS\System32\sechost.dll
0x00007fff6cfc0000 - 0x00007fff6d0e0000 	C:\WINDOWS\System32\RPCRT4.dll
0x00007fff6d3f0000 - 0x00007fff6d584000 	C:\WINDOWS\System32\USER32.dll
0x00007fff6b810000 - 0x00007fff6b831000 	C:\WINDOWS\System32\win32u.dll
0x00007fff6dca0000 - 0x00007fff6dcc6000 	C:\WINDOWS\System32\GDI32.dll
0x00007fff6b840000 - 0x00007fff6b9d5000 	C:\WINDOWS\System32\gdi32full.dll
0x00007fff6c760000 - 0x00007fff6c7fe000 	C:\WINDOWS\System32\msvcp_win.dll
0x00007fff6b9e0000 - 0x00007fff6bada000 	C:\WINDOWS\System32\ucrtbase.dll
0x00007fff4eb10000 - 0x00007fff4ed94000 	C:\WINDOWS\WinSxS\amd64_microsoft.windows.common-controls_6595b64144ccf1df_6.0.18362.900_none_e6beb9d913147d17\COMCTL32.dll
0x00007fff6d960000 - 0x00007fff6dc95000 	C:\WINDOWS\System32\combase.dll
0x00007fff6b790000 - 0x00007fff6b810000 	C:\WINDOWS\System32\bcryptPrimitives.dll
0x00007fff6d2d0000 - 0x00007fff6d2fe000 	C:\WINDOWS\System32\IMM32.DLL
0x0000000063620000 - 0x00000000636f2000 	C:\Program Files\Java\jre1.8.0_241\bin\msvcr100.dll
0x0000000062d70000 - 0x000000006361c000 	C:\Program Files\Java\jre1.8.0_241\bin\server\jvm.dll
0x00007fff6d320000 - 0x00007fff6d328000 	C:\WINDOWS\System32\PSAPI.DLL
0x00007fff540f0000 - 0x00007fff540f9000 	C:\WINDOWS\SYSTEM32\WSOCK32.dll
0x00007fff605b0000 - 0x00007fff605d4000 	C:\WINDOWS\SYSTEM32\WINMM.dll
0x00007fff636b0000 - 0x00007fff636ba000 	C:\WINDOWS\SYSTEM32\VERSION.dll
0x00007fff6e000000 - 0x00007fff6e06f000 	C:\WINDOWS\System32\WS2_32.dll
0x00007fff60580000 - 0x00007fff605ad000 	C:\WINDOWS\SYSTEM32\WINMMBASE.dll
0x00007fff6c800000 - 0x00007fff6c84a000 	C:\WINDOWS\System32\cfgmgr32.dll
0x00007fff633f0000 - 0x00007fff633ff000 	C:\Program Files\Java\jre1.8.0_241\bin\verify.dll
0x00007fff5eab0000 - 0x00007fff5ead9000 	C:\Program Files\Java\jre1.8.0_241\bin\java.dll
0x00007fff5ea90000 - 0x00007fff5eaa6000 	C:\Program Files\Java\jre1.8.0_241\bin\zip.dll

VM Arguments:
java_command: <unknown>
java_class_path (initial): .
Launcher Type: SUN_STANDARD

Environment Variables:
USERNAME=fazil
SHELL=C:\Program Files\Git\usr\bin\bash.exe
DISPLAY=needs-to-be-defined
OS=Windows_NT
PROCESSOR_IDENTIFIER=Intel64 Family 6 Model 158 Stepping 10, GenuineIntel



---------------  S Y S T E M  ---------------

OS: Windows 10.0 , 64 bit Build 18362 (10.0.18362.900)

CPU:total 12 (initial active 12) (6 cores per cpu, 2 threads per core) family 6 model 158 stepping 10, cmov, cx8, fxsr, mmx, sse, sse2, sse3, ssse3, sse4.1, sse4.2, popcnt, avx, avx2, aes, clmul, erms, 3dnowpref, lzcnt, ht, tsc, tscinvbit, bmi1, bmi2, adx

Memory: 4k page, physical 16566556k(1439824k free), swap 30289940k(5836k free)

vm_info: Java HotSpot(TM) 64-Bit Server VM (25.241-b07) for windows-amd64 JRE (1.8.0_241-b07), built on Dec 11 2019 10:21:40 by "rejava" with MS VC++ 10.0 (VS2010)

time: Fri Jun 19 21:51:04 2020
timezone: Eastern Daylight Time
elapsed time: 0 seconds (0d 0h 0m 0s)

